c:\users\leesa\desktop\문서\우송대2024\2학년\2학기\c언어및데이터구조\project1\x64\debug\vc143.pdb
c:\users\leesa\desktop\문서\우송대2024\2학년\2학기\c언어및데이터구조\project1\x64\debug\vc143.idb
c:\users\leesa\desktop\문서\우송대2024\2학년\2학기\c언어및데이터구조\project1\x64\debug\user.obj
c:\users\leesa\desktop\문서\우송대2024\2학년\2학기\c언어및데이터구조\project1\x64\debug\transaction.obj
c:\users\leesa\desktop\문서\우송대2024\2학년\2학기\c언어및데이터구조\project1\x64\debug\start.obj
c:\users\leesa\desktop\문서\우송대2024\2학년\2학기\c언어및데이터구조\project1\x64\debug\menu.obj
c:\users\leesa\desktop\문서\우송대2024\2학년\2학기\c언어및데이터구조\project1\x64\debug\file.obj
c:\users\leesa\desktop\문서\우송대2024\2학년\2학기\c언어및데이터구조\project1\x64\debug\data.obj
c:\users\leesa\desktop\문서\우송대2024\2학년\2학기\c언어및데이터구조\project1\x64\debug\control.obj
c:\users\leesa\desktop\문서\우송대2024\2학년\2학기\c언어및데이터구조\project1\x64\debug\account.obj
c:\users\leesa\desktop\문서\우송대2024\2학년\2학기\c언어및데이터구조\project1\x64\debug\project1.ilk
c:\users\leesa\desktop\문서\우송대2024\2학년\2학기\c언어및데이터구조\project1\x64\debug\project1.exe
c:\users\leesa\desktop\문서\우송대2024\2학년\2학기\c언어및데이터구조\project1\x64\debug\project1.pdb
c:\users\leesa\desktop\문서\우송대2024\2학년\2학기\c언어및데이터구조\project1\x64\debug\project1.tlog\cl.command.1.tlog
c:\users\leesa\desktop\문서\우송대2024\2학년\2학기\c언어및데이터구조\project1\x64\debug\project1.tlog\cl.items.tlog
c:\users\leesa\desktop\문서\우송대2024\2학년\2학기\c언어및데이터구조\project1\x64\debug\project1.tlog\cl.read.1.tlog
c:\users\leesa\desktop\문서\우송대2024\2학년\2학기\c언어및데이터구조\project1\x64\debug\project1.tlog\cl.write.1.tlog
c:\users\leesa\desktop\문서\우송대2024\2학년\2학기\c언어및데이터구조\project1\x64\debug\project1.tlog\link.command.1.tlog
c:\users\leesa\desktop\문서\우송대2024\2학년\2학기\c언어및데이터구조\project1\x64\debug\project1.tlog\link.read.1.tlog
c:\users\leesa\desktop\문서\우송대2024\2학년\2학기\c언어및데이터구조\project1\x64\debug\project1.tlog\link.write.1.tlog
